0 info it worked if it ends with ok
1 verbose cli [ 'C:\\Program Files\\nodejs\\node.exe',
1 verbose cli   'C:\\Program Files\\nodejs\\node_modules\\npm\\bin\\npm-cli.js',
1 verbose cli   'run',
1 verbose cli   'build:css' ]
2 info using npm@3.6.0
3 info using node@v5.7.1
4 verbose run-script [ 'prebuild:css', 'build:css', 'postbuild:css' ]
5 info lifecycle marcoavazquez.github.io@1.0.0~prebuild:css: marcoavazquez.github.io@1.0.0
6 silly lifecycle marcoavazquez.github.io@1.0.0~prebuild:css: no script for prebuild:css, continuing
7 info lifecycle marcoavazquez.github.io@1.0.0~build:css: marcoavazquez.github.io@1.0.0
8 verbose lifecycle marcoavazquez.github.io@1.0.0~build:css: unsafe-perm in lifecycle true
9 verbose lifecycle marcoavazquez.github.io@1.0.0~build:css: PATH: C:\Program Files\nodejs\node_modules\npm\bin\node-gyp-bin;C:\Users\marco\Documents\www\marcoavazquez.github.io\node_modules\.bin;C:\Program Files\nodejs\node_modules\npm\bin\node-gyp-bin;C:\Users\marco\Documents\www\marcoavazquez.github.io\node_modules\.bin;C:\Program Files\nodejs\node_modules\npm\bin\node-gyp-bin;C:\Users\marco\Documents\www\marcoavazquez.github.io\node_modules\.bin;C:\Program Files\Docker\Docker\Resources\bin;C:\Program Files (x86)\Common Files\Intel\Shared Files\cpp\bin\Intel64;C:\ProgramData\Oracle\Java\javapath;C:\Program Files (x86)\Intel\iCLS Client\;C:\Program Files\Intel\iCLS Client\;C:\WINDOWS\system32;C:\WINDOWS;C:\WINDOWS\System32\Wbem;C:\WINDOWS\System32\WindowsPowerShell\v1.0\;C:\Program Files\Intel\Intel(R) Management Engine Components\DAL;C:\Program Files\Intel\Intel(R) Management Engine Components\IPT;C:\Program Files (x86)\Intel\Intel(R) Management Engine Components\DAL;C:\Program Files (x86)\Intel\Intel(R) Management Engine Components\IPT;C:\xampp\php;C:\Program Files\nodejs\;C:\ProgramData\ComposerSetup\bin;C:\HashiCorp\Vagrant\bin;C:\Program Files (x86)\Skype\Phone\;C:\Users\marco\AppData\Roaming\npm;C:\Users\marco\AppData\Local\.meteor\;C:\Users\marco\AppData\Local\Microsoft\WindowsApps;C:\Program Files (x86)\Microsoft VS Code\bin;C:\Program Files\php7.1.3x64;C:\Users\marco\AppData\Roaming\Composer\vendor\bin;
10 verbose lifecycle marcoavazquez.github.io@1.0.0~build:css: CWD: C:\Users\marco\Documents\www\marcoavazquez.github.io
11 silly lifecycle marcoavazquez.github.io@1.0.0~build:css: Args: [ '/d /s /c', 'npm run css && npm run autoprefixer' ]
12 silly lifecycle marcoavazquez.github.io@1.0.0~build:css: Returned: code: 1  signal: null
13 info lifecycle marcoavazquez.github.io@1.0.0~build:css: Failed to exec build:css script
14 verbose stack Error: marcoavazquez.github.io@1.0.0 build:css: `npm run css && npm run autoprefixer`
14 verbose stack Exit status 1
14 verbose stack     at EventEmitter.<anonymous> (C:\Program Files\nodejs\node_modules\npm\lib\utils\lifecycle.js:232:16)
14 verbose stack     at emitTwo (events.js:100:13)
14 verbose stack     at EventEmitter.emit (events.js:185:7)
14 verbose stack     at ChildProcess.<anonymous> (C:\Program Files\nodejs\node_modules\npm\lib\utils\spawn.js:24:14)
14 verbose stack     at emitTwo (events.js:100:13)
14 verbose stack     at ChildProcess.emit (events.js:185:7)
14 verbose stack     at maybeClose (internal/child_process.js:827:16)
14 verbose stack     at Process.ChildProcess._handle.onexit (internal/child_process.js:211:5)
15 verbose pkgid marcoavazquez.github.io@1.0.0
16 verbose cwd C:\Users\marco\Documents\www\marcoavazquez.github.io
17 error Windows_NT 10.0.15063
18 error argv "C:\\Program Files\\nodejs\\node.exe" "C:\\Program Files\\nodejs\\node_modules\\npm\\bin\\npm-cli.js" "run" "build:css"
19 error node v5.7.1
20 error npm  v3.6.0
21 error code ELIFECYCLE
22 error marcoavazquez.github.io@1.0.0 build:css: `npm run css && npm run autoprefixer`
22 error Exit status 1
23 error Failed at the marcoavazquez.github.io@1.0.0 build:css script 'npm run css && npm run autoprefixer'.
23 error Make sure you have the latest version of node.js and npm installed.
23 error If you do, this is most likely a problem with the marcoavazquez.github.io package,
23 error not with npm itself.
23 error Tell the author that this fails on your system:
23 error     npm run css && npm run autoprefixer
23 error You can get information on how to open an issue for this project with:
23 error     npm bugs marcoavazquez.github.io
23 error Or if that isn't available, you can get their info via:
23 error     npm owner ls marcoavazquez.github.io
23 error There is likely additional logging output above.
24 verbose exit [ 1, true ]
